app/build/intermediates/manifest_merge_blame_file/debug/manifest-merger-blame-debug-report.txt
1<?xml version="1.0" encoding="utf-8"?>
2<manifest xmlns:android="http://schemas.android.com/apk/res/android"
3    package="com.codepath.apps.restclienttemplate"
4    android:versionCode="1"
5    android:versionName="1.0" >
6
7    <uses-sdk
8        android:minSdkVersion="21"
8-->src\main\AndroidManifest.xml
9        android:targetSdkVersion="28" />
9-->src\main\AndroidManifest.xml
10
11    <uses-permission android:name="android.permission.INTERNET" />
11-->src\main\AndroidManifest.xml:5:5-67
11-->src\main\AndroidManifest.xml:5:22-64
12    <uses-permission android:name="android.permission.WRITE_EXTERNAL_STORAGE" />
12-->src\main\AndroidManifest.xml:6:5-81
12-->src\main\AndroidManifest.xml:6:22-78
13
14    <application
14-->src\main\AndroidManifest.xml:8:5-42:19
15        android:name="com.codepath.apps.restclienttemplate.TwitterApplication"
15-->src\main\AndroidManifest.xml:9:9-43
16        android:allowBackup="true"
16-->src\main\AndroidManifest.xml:10:9-35
17        android:appComponentFactory="androidx.core.app.CoreComponentFactory"
17-->[androidx.core:core:1.5.0] AndroidManifest.xml:24:18-86
18        android:debuggable="true"
19        android:icon="@mipmap/ic_launcher"
19-->src\main\AndroidManifest.xml:11:9-43
20        android:label="@string/app_name"
20-->src\main\AndroidManifest.xml:12:9-41
21        android:roundIcon="@mipmap/ic_launcher_round"
21-->src\main\AndroidManifest.xml:13:9-54
22        android:supportsRtl="true"
22-->src\main\AndroidManifest.xml:14:9-35
23        android:testOnly="true"
24        android:theme="@style/Theme.RestClientTemplateKotlin" >
24-->src\main\AndroidManifest.xml:15:9-62
25        <activity
25-->src\main\AndroidManifest.xml:16:9-18:40
26            android:name="com.codepath.apps.restclienttemplate.ComposeActivity"
26-->src\main\AndroidManifest.xml:17:13-44
27            android:exported="false" />
27-->src\main\AndroidManifest.xml:18:13-37
28        <activity
28-->src\main\AndroidManifest.xml:19:9-21:40
29            android:name="com.codepath.apps.restclienttemplate.TimelineActivity"
29-->src\main\AndroidManifest.xml:20:13-45
30            android:exported="false" />
30-->src\main\AndroidManifest.xml:21:13-37
31        <activity
31-->src\main\AndroidManifest.xml:22:9-41:20
32            android:name="com.codepath.apps.restclienttemplate.LoginActivity"
32-->src\main\AndroidManifest.xml:23:13-42
33            android:label="@string/app_name"
33-->src\main\AndroidManifest.xml:24:13-45
34            android:theme="@style/AppTheme" >
34-->src\main\AndroidManifest.xml:25:13-44
35            <intent-filter>
35-->src\main\AndroidManifest.xml:26:13-30:29
36                <action android:name="android.intent.action.MAIN" />
36-->src\main\AndroidManifest.xml:27:17-69
36-->src\main\AndroidManifest.xml:27:25-66
37
38                <category android:name="android.intent.category.LAUNCHER" />
38-->src\main\AndroidManifest.xml:29:17-77
38-->src\main\AndroidManifest.xml:29:27-74
39            </intent-filter>
40            <intent-filter>
40-->src\main\AndroidManifest.xml:31:13-40:29
41                <action android:name="android.intent.action.VIEW" />
41-->src\main\AndroidManifest.xml:32:17-69
41-->src\main\AndroidManifest.xml:32:25-66
42
43                <category android:name="android.intent.category.DEFAULT" />
43-->src\main\AndroidManifest.xml:34:17-76
43-->src\main\AndroidManifest.xml:34:27-73
44                <category android:name="android.intent.category.BROWSABLE" />
44-->src\main\AndroidManifest.xml:35:17-78
44-->src\main\AndroidManifest.xml:35:27-75
45
46                <data
46-->src\main\AndroidManifest.xml:37:17-39:62
47                    android:host="@string/intent_host"
47-->src\main\AndroidManifest.xml:38:21-55
48                    android:scheme="@string/intent_scheme" />
48-->src\main\AndroidManifest.xml:39:21-59
49            </intent-filter>
50        </activity>
51
52        <service
52-->[androidx.room:room-runtime:2.2.6] AndroidManifest.xml:25:9-28:40
53            android:name="androidx.room.MultiInstanceInvalidationService"
53-->[androidx.room:room-runtime:2.2.6] AndroidManifest.xml:26:13-74
54            android:directBootAware="true"
54-->[androidx.room:room-runtime:2.2.6] AndroidManifest.xml:27:13-43
55            android:exported="false" />
55-->[androidx.room:room-runtime:2.2.6] AndroidManifest.xml:28:13-37
56    </application>
57
58</manifest>